[32m2021-07-11 23:43:26[0m [37m[INFO][0m [36mLog saving enabled[0m
[32m2021-07-11 23:43:30[0m [37m[INFO][0m [36m== Chart Sniper initialized ==[0m
[32m2021-07-11 23:43:30[0m [37m[INFO][0m [36mDate: 11 Jul 2021 23:43:30[0m
[32m2021-07-11 23:43:30[0m [37m[INFO][0m [36mStarting Portfolio Value:  81643.87[0m
[32m2021-07-11 23:43:35[0m [37m[INFO][0m [36m== TESTBUY strategy activated ==[0m
[32m2021-07-11 23:43:36[0m [37m[INFO][0m [36mSTATUS: DELAYED[0m
[32m2021-07-11 23:43:37[0m [37m[INFO][0m [36mSTATUS: LIVE[0m
[32m2021-07-11 23:45:02[0m [37m[INFO][0m [36m2021-07-11 15:40:00, [33mSTARTING in testbuy[0m[0m
[32m2021-07-11 23:45:05[0m [37m[INFO][0m [36m2021-07-11 15:40:00, BUY EXECUTED: ENTRY LONG Order, Amount: 5.88, AvgPrice: 34705.4400, Cost: 204102.6926, Date: 11 Jul 2021 15:45:03[0m
[32m2021-07-11 23:45:09[0m [37m[INFO][0m [36m2021-07-11 15:40:00, stop submitted for BUY, Amount: 5.88 Price:  34693.3923[0m
[32m2021-07-11 23:50:03[0m [37m[INFO][0m [36m2021-07-11 15:45:00, [33msell in testbuy[0m[0m
[32m2021-07-11 23:50:08[0m [37m[INFO][0m [36m2021-07-11 15:45:00, Order Canceled: STOPLOSS for LONG[0m
[32m2021-07-11 23:50:10[0m [37m[INFO][0m [36m2021-07-11 15:45:00, SELL EXECUTED: CLOSE, Amount: -5.88, AvgPrice: 34704.0500, Cost: 204094.5181, Date: 11 Jul 2021 15:50:03[0m
[32m2021-07-11 23:50:11[0m [37m[INFO][0m [36m2021-07-11 15:45:00, [31mOPERATION PROFIT: GROSS -8.17
PORTFOLIO VALUE:  85856.29[0m[0m
[32m2021-07-11 23:50:13[0m [37m[INFO][0m [36m2021-07-11 15:45:00, [31mOPERATION PROFIT: GROSS -8.17 ; NET -171.45
PORTFOLIO VALUE:  85856.29[0m[0m
[32m2021-07-11 23:50:16[0m [37m[INFO][0m [36m2021-07-11 15:45:00, SELL EXECUTED: ENTRY SHORT Order, Amount: -5.53, AvgPrice: 34704.0500, Cost: 191878.6925, Date: 11 Jul 2021 15:50:06[0m
[32m2021-07-11 23:50:19[0m [37m[INFO][0m [36m2021-07-11 15:45:00, stop submitted for SELL, Amount: 5.53 Price:  34715.7336[0m
[32m2021-07-11 23:55:02[0m [37m[INFO][0m [36m2021-07-11 15:50:00, [33mbuy in testbuy[0m[0m
[32m2021-07-11 23:55:07[0m [37m[INFO][0m [36m2021-07-11 15:50:00, Order Canceled: STOPLOSS for SHORT[0m
[32m2021-07-11 23:55:10[0m [37m[INFO][0m [36m2021-07-11 15:50:00, BUY EXECUTED: CLOSE, Amount: 5.53, AvgPrice: 34705.8219, Cost: 191888.4892, Date: 11 Jul 2021 15:55:03[0m
[32m2021-07-11 23:55:11[0m [37m[INFO][0m [36m2021-07-11 15:50:00, [31mOPERATION PROFIT: GROSS -9.80
PORTFOLIO VALUE:  76421.12[0m[0m
[32m2021-07-11 23:55:13[0m [37m[INFO][0m [36m2021-07-11 15:50:00, [31mOPERATION PROFIT: GROSS -9.80 ; NET -163.30
PORTFOLIO VALUE:  76421.08[0m[0m
[32m2021-07-11 23:55:15[0m [37m[INFO][0m [36m2021-07-11 15:50:00, BUY EXECUTED: ENTRY LONG Order, Amount: 6.18, AvgPrice: 34704.7500, Cost: 214614.1740, Date: 11 Jul 2021 15:55:05[0m
[32m2021-07-11 23:55:18[0m [37m[INFO][0m [36m2021-07-11 15:50:00, stop submitted for BUY, Amount: 6.18 Price:  34693.4045[0m
[32m2021-07-12 00:00:01[0m [37m[INFO][0m [36m2021-07-11 15:55:00, [33msell in testbuy[0m[0m
[32m2021-07-12 00:00:08[0m [37m[INFO][0m [36m2021-07-11 15:55:00, Order Canceled: STOPLOSS for LONG[0m
[32m2021-07-12 00:00:10[0m [37m[INFO][0m [36m2021-07-11 15:55:00, SELL EXECUTED: CLOSE, Amount: -6.18, AvgPrice: 34704.7400, Cost: 214614.1122, Date: 11 Jul 2021 16:00:02[0m
[32m2021-07-12 00:00:11[0m [37m[INFO][0m [36m2021-07-11 15:55:00, [31mOPERATION PROFIT: GROSS -0.06
PORTFOLIO VALUE:  83967.65[0m[0m
[32m2021-07-12 00:00:14[0m [37m[INFO][0m [36m2021-07-11 15:55:00, [31mOPERATION PROFIT: GROSS -0.06 ; NET -171.75
PORTFOLIO VALUE:  83967.65[0m[0m
[32m2021-07-12 00:00:16[0m [37m[INFO][0m [36m2021-07-11 15:55:00, SELL EXECUTED: ENTRY SHORT Order, Amount: -5.50, AvgPrice: 34704.7400, Cost: 191049.5937, Date: 11 Jul 2021 16:00:06[0m
[32m2021-07-12 00:00:19[0m [37m[INFO][0m [36m2021-07-11 15:55:00, stop submitted for SELL, Amount: 5.50 Price:  34716.2822[0m
[32m2021-07-12 00:05:03[0m [37m[INFO][0m [36m2021-07-11 16:00:00, [33mbuy in testbuy[0m[0m
[32m2021-07-12 00:05:08[0m [37m[INFO][0m [36m2021-07-11 16:00:00, Order Canceled: STOPLOSS for SHORT[0m
[32m2021-07-12 00:05:10[0m [37m[INFO][0m [36m2021-07-11 16:00:00, BUY EXECUTED: CLOSE, Amount: 5.50, AvgPrice: 34705.4400, Cost: 191053.4472, Date: 11 Jul 2021 16:05:04[0m
[32m2021-07-12 00:05:12[0m [37m[INFO][0m [36m2021-07-11 16:00:00, [31mOPERATION PROFIT: GROSS -3.85
PORTFOLIO VALUE:  76009.67[0m[0m
[32m2021-07-12 00:05:13[0m [37m[INFO][0m [36m2021-07-11 16:00:00, [31mOPERATION PROFIT: GROSS -3.85 ; NET -156.69
PORTFOLIO VALUE:  76009.67[0m[0m
[32m2021-07-12 00:05:15[0m [37m[INFO][0m [36m2021-07-11 16:00:00, BUY EXECUTED: ENTRY LONG Order, Amount: 6.05, AvgPrice: 34704.7500, Cost: 209894.3280, Date: 11 Jul 2021 16:05:06[0m
[32m2021-07-12 00:05:18[0m [37m[INFO][0m [36m2021-07-11 16:00:00, stop submitted for BUY, Amount: 6.05 Price:  34693.0430[0m
[32m2021-07-12 00:08:01[0m [37m[INFO][0m [36mFinal Portfolio Value: 76112.38[0m
[32m2021-07-12 00:08:01[0m [37m[INFO][0m [36mProfit -6.775%%[0m
[32m2021-07-12 00:08:01[0m [37m[INFO][0m [36mTrade Analysis Results:
               Total Open     Total Closed   Total Won      Total Lost     
               1              4              0              4              
               Strike Rate    Win Streak     Losing Streak  PnL Net        
               0              0              4              -663.2         [0m
[32m2021-07-12 00:08:01[0m [37m[INFO][0m [36mSQN: -53.01[0m
[32m2021-07-12 00:08:01[0m [37m[INFO][0m [36mChart Sniper finished by user on 12 Jul 2021 00:08:01[0m
