[32m2021-07-07 17:23:53[0m [1;30m[INFO][0m == Chart Sniper initialized ==
[32m2021-07-07 17:23:53[0m [1;30m[INFO][0m Date: 07 Jul 2021 17:23:53
[32m2021-07-07 17:23:53[0m [1;30m[INFO][0m Starting Portfolio Value:  89489.30
[32m2021-07-07 17:23:59[0m [1;30m[INFO][0m == TESTBUY strategy activated ==
[32m2021-07-07 17:24:03[0m [1;30m[INFO][0m 2021-07-07 09:23:00, [33mSTARTING in testbuy[0m
[32m2021-07-07 17:24:07[0m [1;30m[INFO][0m 2021-07-07 09:24:00, [33msell in testbuy[0m
[32m2021-07-07 17:24:14[0m [1;30m[INFO][0m 2021-07-07 09:24:00, BUY EXECUTED: ENTRY LONG Order, Amount: 1.00, AvgPrice: 34705.4400, Cost: 34705.4400, Date: 07 Jul 2021 09:24:04
[32m2021-07-07 17:24:16[0m [1;30m[INFO][0m 2021-07-07 09:24:00, Order Canceled: STOPLOSS for LONG
[32m2021-07-07 17:24:18[0m [1;30m[INFO][0m 2021-07-07 09:24:00, SELL EXECUTED: CLOSE, Amount: -1.00, AvgPrice: 34704.7400, Cost: 34704.7400, Date: 07 Jul 2021 09:24:09
[32m2021-07-07 17:24:19[0m [1;30m[INFO][0m 2021-07-07 09:24:00, [31mOPERATION PROFIT: GROSS -0.70
PORTFOLIO VALUE:  89413.33[0m
[32m2021-07-07 17:24:21[0m [1;30m[INFO][0m 2021-07-07 09:24:00, [31mOPERATION PROFIT: GROSS -0.70 ; NET -28.46
PORTFOLIO VALUE:  89413.33[0m
[32m2021-07-07 17:24:22[0m [1;30m[INFO][0m 2021-07-07 09:24:00, SELL EXECUTED: ENTRY SHORT Order, Amount: -1.00, AvgPrice: 34704.7400, Cost: 34704.7400, Date: 07 Jul 2021 09:24:12
[32m2021-07-07 17:24:40[0m [1;30m[INFO][0m Final Portfolio Value: 89427.69
[32m2021-07-07 17:24:40[0m [1;30m[INFO][0m Profit -0.069%%
[32m2021-07-07 17:24:40[0m [1;30m[INFO][0m Trade Analysis Results:
               Total Open     Total Closed   Total Won      Total Lost     
               1              1              0              1              
               Strike Rate    Win Streak     Losing Streak  PnL Net        
               0              0              1              -28.46         
[32m2021-07-07 17:24:40[0m [1;30m[INFO][0m SQN: 0
[32m2021-07-07 17:24:40[0m [1;30m[INFO][0m Chart Sniper finished by user on 07 Jul 2021 17:24:40
